mode: count
eval/check.go:8.45,11.2 2 5
eval/check.go:13.47,15.2 1 5
eval/check.go:17.47,18.39 1 0
eval/check.go:18.39,20.3 1 0
eval/check.go:21.2,21.24 1 0
eval/check.go:24.48,25.41 1 5
eval/check.go:25.41,27.3 1 0
eval/check.go:28.2,28.40 1 5
eval/check.go:28.40,30.3 1 0
eval/check.go:31.2,31.24 1 5
eval/check.go:34.46,36.9 2 5
eval/check.go:36.9,38.3 1 1
eval/check.go:39.2,39.26 1 4
eval/check.go:39.26,42.3 1 1
eval/check.go:43.2,43.29 1 3
eval/check.go:43.29,44.41 1 5
eval/check.go:44.41,46.4 1 0
eval/check.go:48.2,48.12 1 3
eval/check.go:51.45,52.29 1 0
eval/check.go:52.29,53.41 1 0
eval/check.go:53.41,55.4 1 0
eval/check.go:57.2,57.12 1 0
eval/main.go:27.44,28.13 1 0
eval/main.go:28.13,30.3 1 0
eval/main.go:31.2,32.16 2 0
eval/main.go:32.16,34.3 1 0
eval/main.go:35.2,36.41 2 0
eval/main.go:36.41,38.3 1 0
eval/main.go:39.2,39.22 1 0
eval/main.go:39.22,40.39 1 0
eval/main.go:40.39,42.4 1 0
eval/main.go:44.2,44.18 1 0
eval/main.go:47.51,50.16 3 0
eval/main.go:50.16,53.3 2 0
eval/main.go:54.2,55.40 2 0
eval/main.go:55.40,58.3 2 0
eval/main.go:61.15,65.2 3 0
eval/main.go:67.15,72.16 4 0
eval/main.go:72.16,74.3 1 0
eval/main.go:75.2,76.16 2 0
eval/main.go:76.16,79.3 2 0
eval/main.go:81.2,89.6 3 0
eval/main.go:89.6,91.21 2 0
eval/main.go:91.21,92.9 1 0
eval/main.go:95.3,95.17 1 0
eval/main.go:95.17,97.9 2 0
eval/main.go:100.3,101.19 2 0
eval/main.go:101.19,104.18 3 0
eval/main.go:104.18,106.5 1 0
eval/main.go:107.9,109.4 1 0
eval/main.go:111.3,111.18 1 0
eval/main.go:114.2,114.130 1 0
eval/main.go:118.17,126.2 4 0
eval/main.go:130.51,132.13 2 0
eval/main.go:132.13,134.3 1 0
eval/main.go:136.2,136.63 1 0
eval/main.go:136.63,138.16 2 0
eval/main.go:138.16,139.12 1 0
eval/main.go:142.3,143.19 2 0
eval/main.go:143.19,145.4 1 0
eval/main.go:147.3,148.16 2 0
eval/main.go:148.16,150.4 1 0
eval/main.go:152.3,153.17 2 0
eval/main.go:153.17,155.4 1 0
eval/main.go:157.3,157.23 1 0
eval/main.go:160.2,160.20 1 0
eval/main.go:160.20,162.3 1 0
eval/main.go:163.2,163.18 1 0
eval/main.go:166.51,167.24 1 0
eval/main.go:167.24,170.3 2 0
eval/main.go:172.2,173.55 2 0
eval/main.go:176.51,179.16 3 0
eval/main.go:179.16,182.3 2 0
eval/main.go:184.2,185.16 2 0
eval/main.go:185.16,188.3 2 0
eval/main.go:190.2,192.57 2 0
eval/main.go:192.57,194.3 1 0
eval/main.go:194.8,197.3 2 0
eval/main.go:200.13,202.39 1 0
eval/main.go:202.39,204.3 1 0
eval/main.go:205.2,205.12 1 0
eval/main.go:208.27,210.16 2 0
eval/main.go:210.16,212.3 1 0
eval/main.go:213.2,219.16 5 0
eval/main.go:219.16,221.3 1 0
eval/main.go:223.2,225.12 3 0
eval/main.go:228.21,230.16 2 0
eval/main.go:230.16,232.3 1 0
eval/main.go:233.2,248.16 6 0
eval/main.go:248.16,250.3 1 0
eval/main.go:251.2,251.16 1 0
eval/parse.go:18.33,18.64 1 281
eval/parse.go:19.33,19.64 1 108
eval/parse.go:24.37,25.19 1 2
eval/parse.go:26.19,27.23 1 0
eval/parse.go:28.21,29.50 1 0
eval/parse.go:30.34,31.46 1 0
eval/parse.go:33.2,33.43 1 2
eval/parse.go:36.30,37.12 1 200
eval/parse.go:38.16,39.11 1 32
eval/parse.go:40.16,41.11 1 38
eval/parse.go:43.2,43.10 1 130
eval/parse.go:55.46,56.15 1 30
eval/parse.go:56.15,57.32 1 30
eval/parse.go:58.12,58.12 0 29
eval/parse.go:60.17,61.29 1 1
eval/parse.go:62.11,64.12 1 0
eval/parse.go:67.2,72.30 6 30
eval/parse.go:72.30,74.3 1 1
eval/parse.go:75.2,75.15 1 28
eval/parse.go:78.33,78.63 1 90
eval/parse.go:83.46,85.59 2 125
eval/parse.go:85.59,86.37 1 41
eval/parse.go:86.37,91.4 4 35
eval/parse.go:93.2,93.12 1 124
eval/parse.go:97.34,98.42 1 134
eval/parse.go:98.42,102.3 3 9
eval/parse.go:103.2,103.26 1 125
eval/parse.go:111.36,112.19 1 125
eval/parse.go:113.21,116.23 3 67
eval/parse.go:116.23,118.4 1 44
eval/parse.go:119.3,121.23 3 23
eval/parse.go:121.23,122.8 1 23
eval/parse.go:122.8,124.25 2 44
eval/parse.go:124.25,125.11 1 23
eval/parse.go:127.5,127.15 1 21
eval/parse.go:129.4,129.24 1 23
eval/parse.go:129.24,131.25 2 0
eval/parse.go:134.3,136.18 2 23
eval/parse.go:136.18,138.4 1 3
eval/parse.go:140.3,140.24 1 20
eval/parse.go:142.34,144.17 2 41
eval/parse.go:144.17,145.32 1 0
eval/parse.go:147.3,148.20 2 41
eval/parse.go:150.11,153.23 3 16
eval/parse.go:153.23,155.24 2 0
eval/parse.go:157.3,158.11 2 16
eval/parse.go:160.2,161.22 2 1
eval/surface.go:21.57,25.29 2 0
eval/surface.go:25.29,26.30 1 0
eval/surface.go:26.30,34.4 5 0
eval/surface.go:36.2,36.27 1 0
eval/surface.go:39.72,49.2 6 0
eval/types.go:27.36,29.2 1 43
eval/types.go:31.30,33.2 1 24
eval/types.go:38.38,40.2 1 38
eval/types.go:41.34,43.2 1 18
eval/types.go:51.38,52.14 1 9
eval/types.go:53.11,54.24 1 0
eval/types.go:55.11,56.24 1 9
eval/types.go:58.2,58.60 1 0
eval/types.go:60.32,62.2 1 6
eval/types.go:70.39,71.14 1 35
eval/types.go:72.11,73.39 1 10
eval/types.go:74.11,75.39 1 9
eval/types.go:76.11,77.39 1 6
eval/types.go:78.11,79.39 1 10
eval/types.go:81.2,81.61 1 0
eval/types.go:83.33,85.2 1 16
eval/types.go:93.37,94.14 1 18
eval/types.go:95.13,97.24 1 14
eval/types.go:98.13,99.39 1 0
eval/types.go:100.14,101.40 1 4
eval/types.go:103.2,103.59 1 0
eval/types.go:106.31,112.29 5 10
eval/types.go:112.29,113.12 1 18
eval/types.go:113.12,115.4 1 8
eval/types.go:116.3,116.32 1 18
eval/types.go:118.2,120.21 3 10
eval/types.go:132.36,134.29 2 3
eval/types.go:134.29,136.3 1 9
eval/types.go:137.2,137.24 1 3
eval/types.go:140.30,145.27 5 2
eval/types.go:145.27,146.12 1 6
eval/types.go:146.12,148.4 1 4
eval/types.go:149.3,149.30 1 6
eval/types.go:151.2,153.21 3 2
